<?xml version="1.0" encoding="UTF-8"?>
<!-- Generated by org.testng.reporters.JUnitReportReporter -->
<testsuite hostname="DESKTOP-GT4T4VH" failures="0" tests="1" name="ContactTest.createContactt" time="28.969" errors="0" timestamp="2025-03-24T20:41:43 IST" skipped="0">
  <testcase classname="ContactTest.createContactt" name="createContactTest" time="28.969">
    <system-out>
      <![CDATA[Contact Smith_1798 added successfully]]>
    </system-out>
  </testcase> <!-- createContactTest -->
  <system-out>
    <![CDATA[Contact Smith_1798 added successfully]]>
  </system-out>
</testsuite> <!-- ContactTest.createContactt -->
