<?xml version="1.0" encoding="UTF-8"?>
<!-- Generated by org.testng.reporters.JUnitReportReporter -->
<testsuite hostname="DESKTOP-GT4T4VH" failures="0" tests="1" name="ProductTest.createProductt" time="13.664" errors="0" timestamp="2025-03-24T20:49:36 IST" skipped="0">
  <testcase classname="ProductTest.createProductt" name="createProductTest" time="13.664">
    <system-out>
      <![CDATA[Contact Bruce111059 added successfully]]>
    </system-out>
  </testcase> <!-- createProductTest -->
  <system-out>
    <![CDATA[Contact Bruce111059 added successfully]]>
  </system-out>
</testsuite> <!-- ProductTest.createProductt -->
