<?xml version="1.0" encoding="UTF-8"?>
<!-- Generated by org.testng.reporters.JUnitReportReporter -->
<testsuite hostname="DESKTOP-GT4T4VH" failures="0" tests="3" name="DataDrivenTest.DataProviderUsage" time="0.011" errors="0" timestamp="2025-03-25T20:48:30 IST" skipped="0">
  <testcase classname="DataDrivenTest.DataProviderUsage" name="testCase" time="0.008"/>
  <testcase classname="DataDrivenTest.DataProviderUsage" name="testCase" time="0.001"/>
  <testcase classname="DataDrivenTest.DataProviderUsage" name="testCase" time="0.002"/>
</testsuite> <!-- DataDrivenTest.DataProviderUsage -->
